<?xml version="1.0" encoding="UTF-8"?>
<testsuite xmlns:xsi="http://www.w3.org/2001/XMLSchema-instance" xsi:noNamespaceSchemaLocation="https://maven.apache.org/surefire/maven-surefire-plugin/xsd/surefire-test-report.xsd" version="3.0.2" name="TestSuite" time="136.743" tests="20" errors="0" skipped="0" failures="0">
  <properties>
[...]
</properties>
  <testcase name="testSearchFunctionality[ValidProductSearch, MacBook Air, MacBook Air](1)" classname="tests.AmazonSearchTest" time="6.722">
    <system-out><![CDATA[2025-08-20T12:27:11.911217100Z main ERROR Log4j2 could not find a logging implementation. Please add log4j-core to the classpath. Using SimpleLogger to log to the console...
]]></system-out>
    <system-err><![CDATA[SLF4J: Failed to load class "org.slf4j.impl.StaticLoggerBinder".
SLF4J: Defaulting to no-operation (NOP) logger implementation
SLF4J: See http://www.slf4j.org/codes.html#StaticLoggerBinder for further details.
Aug 20, 2025 5:57:06 PM org.openqa.selenium.devtools.CdpVersionFinder findNearestMatch
WARNING: Unable to find CDP implementation matching 139
Aug 20, 2025 5:57:06 PM org.openqa.selenium.chromium.ChromiumDriver lambda$new$5
WARNING: Unable to find version of CDP to use for 139.0.7258.129. You may need to include a dependency on a specific version of the CDP using something similar to `org.seleniumhq.selenium:selenium-devtools-v86:4.25.0` where the version ("v86") matches the version of the chromium-based browser you're using and the version number of the artifact is the same as Selenium's.
]]></system-err>
  </testcase>
  <testcase name="testSearchFunctionality[ValidProductSearch, MacBook Air, MacBook Air](1)" classname="tests.AmazonSearchTest" time="6.537"/>
  <testcase name="testSearchFunctionality[EmptySearch, , ](2)" classname="tests.AmazonSearchTest" time="4.514"/>
  <testcase name="testSearchFunctionality[EmptySearch, , ](2)" classname="tests.AmazonSearchTest" time="4.537"/>
  <testcase name="testSearchFunctionality[SingleCharSuggestions, a, ](3)" classname="tests.AmazonSearchTest" time="3.093"/>
  <testcase name="testSearchFunctionality[SingleCharSuggestions, a, ](3)" classname="tests.AmazonSearchTest" time="3.121"/>
  <testcase name="testSearchFunctionality[SingleCharTenSuggestions, b, ](4)" classname="tests.AmazonSearchTest" time="2.925"/>
  <testcase name="testSearchFunctionality[SingleCharTenSuggestions, b, ](4)" classname="tests.AmazonSearchTest" time="3.079"/>
  <testcase name="testSearchFunctionality[SelectSuggestion, c, ](5)" classname="tests.AmazonSearchTest" time="5.787"/>
  <testcase name="testSearchFunctionality[SelectSuggestion, c, ](5)" classname="tests.AmazonSearchTest" time="5.533"/>
  <testcase name="testSearchFunctionality[TwoCharSuggestions, ab, ](6)" classname="tests.AmazonSearchTest" time="3.418"/>
  <testcase name="testSearchFunctionality[TwoCharSuggestions, ab, ](6)" classname="tests.AmazonSearchTest" time="3.973"/>
  <testcase name="testSearchFunctionality[RepeatedWord, laptop laptop, ](7)" classname="tests.AmazonSearchTest" time="4.617"/>
  <testcase name="testSearchFunctionality[RepeatedWord, laptop laptop, ](7)" classname="tests.AmazonSearchTest" time="3.571"/>
  <testcase name="testSearchFunctionality[RandomChar, @, ](8)" classname="tests.AmazonSearchTest" time="5.476"/>
  <testcase name="testSearchFunctionality[RandomChar, @, ](8)" classname="tests.AmazonSearchTest" time="2.728"/>
  <testcase name="testSearchFunctionality[LongString, a9fK2LmQ7zXc4vW1pRt8yGh5DnUb3oEj6sMi0TkVqYrNwCl2xPaFz8gHd5jBs9uKe1mOv7tXc4rWyQnZl3pLf6vJd8aGh2kTs5oMb0uVn7yCr1xPw9zXq4eFj6dLt3gSa8mKo2hNb5uVr0yTw7cXq1zPl9oJf3dGn6kHt2mSa8rVb5nUc0yWq7eXp4lFj9tKa3gHs6mDn2oRv8cTb1uZq5xPw0yJf7lNt3gKa9mSh2dGb6oVr4uXp1qWc8zLj5tFn0yHa7kMs3dRn9oVb2uTc6xPw4qZj1fLt8gNa5mSh0dKr7oVn3cUb9yTw2xPq6zLj4fFn1gHs8mDa5kNr0oVb7uXc3yWq9tPj2lFh6dGn4sMa1kSv8oRb5uNc0yTw7qXj3pLf9dKt2gHn6mSa4oVr1uXb8cYq5wPz0jFt7lN, ](9)" classname="tests.AmazonSearchTest" time="9.271"/>
  <testcase name="testSearchFunctionality[LongString, a9fK2LmQ7zXc4vW1pRt8yGh5DnUb3oEj6sMi0TkVqYrNwCl2xPaFz8gHd5jBs9uKe1mOv7tXc4rWyQnZl3pLf6vJd8aGh2kTs5oMb0uVn7yCr1xPw9zXq4eFj6dLt3gSa8mKo2hNb5uVr0yTw7cXq1zPl9oJf3dGn6kHt2mSa8rVb5nUc0yWq7eXp4lFj9tKa3gHs6mDn2oRv8cTb1uZq5xPw0yJf7lNt3gKa9mSh2dGb6oVr4uXp1qWc8zLj5tFn0yHa7kMs3dRn9oVb2uTc6xPw4qZj1fLt8gNa5mSh0dKr7oVn3cUb9yTw2xPq6zLj4fFn1gHs8mDa5kNr0oVb7uXc3yWq9tPj2lFh6dGn4sMa1kSv8oRb5uNc0yTw7qXj3pLf9dKt2gHn6mSa4oVr1uXb8cYq5wPz0jFt7lN, ](9)" classname="tests.AmazonSearchTest" time="6.816"/>
  <testcase name="testSearchFunctionality[CharAndNumber, iPhone 15, ](10)" classname="tests.AmazonSearchTest" time="4.201"/>
  <testcase name="testSearchFunctionality[CharAndNumber, iPhone 15, ](10)" classname="tests.AmazonSearchTest" time="3.795"/>
</testsuite>