<?xml version="1.0" encoding="UTF-8"?>
<testng-results ignored="0" total="20" passed="20" failed="0" skipped="0">
  <reporter-output>
  </reporter-output>
  <suite started-at="2025-08-20T17:56:44 IST" name="AmazonTestSuite" finished-at="2025-08-20T17:59:00 IST" duration-ms="136014">
    <groups>
    </groups>
    <test started-at="2025-08-20T17:56:44 IST" name="AmazonSearchTestChrome" finished-at="2025-08-20T17:58:04 IST" duration-ms="79677">
      <class name="tests.AmazonSearchTest">
        <test-method is-config="true" signature="setup(java.lang.String)[pri:0, instance:tests.AmazonSearchTest@1189dd52]" started-at="2025-08-20T17:56:44 IST" name="setup" finished-at="2025-08-20T17:57:11 IST" duration-ms="26823" status="PASS">
          <params>
            <param index="0">
              <value>
                <![CDATA[chrome]]>
              </value>
            </param>
          </params>
          <reporter-output>
          </reporter-output>
        </test-method> <!-- setup -->
        <test-method signature="testSearchFunctionality(java.lang.String,java.lang.String,java.lang.String)[pri:0, instance:tests.AmazonSearchTest@1189dd52]" started-at="2025-08-20T17:57:13 IST" name="testSearchFunctionality" data-provider="searchData" finished-at="2025-08-20T17:57:20 IST" duration-ms="6724" status="PASS">
          <params>
            <param index="0">
              <value>
                <![CDATA[ValidProductSearch]]>
              </value>
            </param>
            <param index="1">
              <value>
                <![CDATA[MacBook Air]]>
              </value>
            </param>
            <param index="2">
              <value>
                <![CDATA[MacBook Air]]>
              </value>
            </param>
          </params>
          <reporter-output>
          </reporter-output>
        </test-method> <!-- testSearchFunctionality -->
        <test-method signature="testSearchFunctionality(java.lang.String,java.lang.String,java.lang.String)[pri:0, instance:tests.AmazonSearchTest@1189dd52]" started-at="2025-08-20T17:57:20 IST" name="testSearchFunctionality" data-provider="searchData" finished-at="2025-08-20T17:57:24 IST" duration-ms="4518" status="PASS">
          <params>
            <param index="0">
              <value>
                <![CDATA[EmptySearch]]>
              </value>
            </param>
            <param index="1">
              <value>
                <![CDATA[]]>
              </value>
            </param>
            <param index="2">
              <value>
                <![CDATA[]]>
              </value>
            </param>
          </params>
          <reporter-output>
          </reporter-output>
        </test-method> <!-- testSearchFunctionality -->
        <test-method signature="testSearchFunctionality(java.lang.String,java.lang.String,java.lang.String)[pri:0, instance:tests.AmazonSearchTest@1189dd52]" started-at="2025-08-20T17:57:24 IST" name="testSearchFunctionality" data-provider="searchData" finished-at="2025-08-20T17:57:27 IST" duration-ms="3093" status="PASS">
          <params>
            <param index="0">
              <value>
                <![CDATA[SingleCharSuggestions]]>
              </value>
            </param>
            <param index="1">
              <value>
                <![CDATA[a]]>
              </value>
            </param>
            <param index="2">
              <value>
                <![CDATA[]]>
              </value>
            </param>
          </params>
          <reporter-output>
          </reporter-output>
        </test-method> <!-- testSearchFunctionality -->
        <test-method signature="testSearchFunctionality(java.lang.String,java.lang.String,java.lang.String)[pri:0, instance:tests.AmazonSearchTest@1189dd52]" started-at="2025-08-20T17:57:27 IST" name="testSearchFunctionality" data-provider="searchData" finished-at="2025-08-20T17:57:30 IST" duration-ms="2925" status="PASS">
          <params>
            <param index="0">
              <value>
                <![CDATA[SingleCharTenSuggestions]]>
              </value>
            </param>
            <param index="1">
              <value>
                <![CDATA[b]]>
              </value>
            </param>
            <param index="2">
              <value>
                <![CDATA[]]>
              </value>
            </param>
          </params>
          <reporter-output>
          </reporter-output>
        </test-method> <!-- testSearchFunctionality -->
        <test-method signature="testSearchFunctionality(java.lang.String,java.lang.String,java.lang.String)[pri:0, instance:tests.AmazonSearchTest@1189dd52]" started-at="2025-08-20T17:57:30 IST" name="testSearchFunctionality" data-provider="searchData" finished-at="2025-08-20T17:57:36 IST" duration-ms="5787" status="PASS">
          <params>
            <param index="0">
              <value>
                <![CDATA[SelectSuggestion]]>
              </value>
            </param>
            <param index="1">
              <value>
                <![CDATA[c]]>
              </value>
            </param>
            <param index="2">
              <value>
                <![CDATA[]]>
              </value>
            </param>
          </params>
          <reporter-output>
          </reporter-output>
        </test-method> <!-- testSearchFunctionality -->
        <test-method signature="testSearchFunctionality(java.lang.String,java.lang.String,java.lang.String)[pri:0, instance:tests.AmazonSearchTest@1189dd52]" started-at="2025-08-20T17:57:36 IST" name="testSearchFunctionality" data-provider="searchData" finished-at="2025-08-20T17:57:39 IST" duration-ms="3418" status="PASS">
          <params>
            <param index="0">
              <value>
                <![CDATA[TwoCharSuggestions]]>
              </value>
            </param>
            <param index="1">
              <value>
                <![CDATA[ab]]>
              </value>
            </param>
            <param index="2">
              <value>
                <![CDATA[]]>
              </value>
            </param>
          </params>
          <reporter-output>
          </reporter-output>
        </test-method> <!-- testSearchFunctionality -->
        <test-method signature="testSearchFunctionality(java.lang.String,java.lang.String,java.lang.String)[pri:0, instance:tests.AmazonSearchTest@1189dd52]" started-at="2025-08-20T17:57:39 IST" name="testSearchFunctionality" data-provider="searchData" finished-at="2025-08-20T17:57:44 IST" duration-ms="4616" status="PASS">
          <params>
            <param index="0">
              <value>
                <![CDATA[RepeatedWord]]>
              </value>
            </param>
            <param index="1">
              <value>
                <![CDATA[laptop laptop]]>
              </value>
            </param>
            <param index="2">
              <value>
                <![CDATA[]]>
              </value>
            </param>
          </params>
          <reporter-output>
          </reporter-output>
        </test-method> <!-- testSearchFunctionality -->
        <test-method signature="testSearchFunctionality(java.lang.String,java.lang.String,java.lang.String)[pri:0, instance:tests.AmazonSearchTest@1189dd52]" started-at="2025-08-20T17:57:44 IST" name="testSearchFunctionality" data-provider="searchData" finished-at="2025-08-20T17:57:50 IST" duration-ms="5475" status="PASS">
          <params>
            <param index="0">
              <value>
                <![CDATA[RandomChar]]>
              </value>
            </param>
            <param index="1">
              <value>
                <![CDATA[@]]>
              </value>
            </param>
            <param index="2">
              <value>
                <![CDATA[]]>
              </value>
            </param>
          </params>
          <reporter-output>
          </reporter-output>
        </test-method> <!-- testSearchFunctionality -->
        <test-method signature="testSearchFunctionality(java.lang.String,java.lang.String,java.lang.String)[pri:0, instance:tests.AmazonSearchTest@1189dd52]" started-at="2025-08-20T17:57:50 IST" name="testSearchFunctionality" data-provider="searchData" finished-at="2025-08-20T17:57:59 IST" duration-ms="9270" status="PASS">
          <params>
            <param index="0">
              <value>
                <![CDATA[LongString]]>
              </value>
            </param>
            <param index="1">
              <value>
                <![CDATA[a9fK2LmQ7zXc4vW1pRt8yGh5DnUb3oEj6sMi0TkVqYrNwCl2xPaFz8gHd5jBs9uKe1mOv7tXc4rWyQnZl3pLf6vJd8aGh2kTs5oMb0uVn7yCr1xPw9zXq4eFj6dLt3gSa8mKo2hNb5uVr0yTw7cXq1zPl9oJf3dGn6kHt2mSa8rVb5nUc0yWq7eXp4lFj9tKa3gHs6mDn2oRv8cTb1uZq5xPw0yJf7lNt3gKa9mSh2dGb6oVr4uXp1qWc8zLj5tFn0yHa7kMs3dRn9oVb2uTc6xPw4qZj1fLt8gNa5mSh0dKr7oVn3cUb9yTw2xPq6zLj4fFn1gHs8mDa5kNr0oVb7uXc3yWq9tPj2lFh6dGn4sMa1kSv8oRb5uNc0yTw7qXj3pLf9dKt2gHn6mSa4oVr1uXb8cYq5wPz0jFt7lN]]>
              </value>
            </param>
            <param index="2">
              <value>
                <![CDATA[]]>
              </value>
            </param>
          </params>
          <reporter-output>
          </reporter-output>
        </test-method> <!-- testSearchFunctionality -->
        <test-method signature="testSearchFunctionality(java.lang.String,java.lang.String,java.lang.String)[pri:0, instance:tests.AmazonSearchTest@1189dd52]" started-at="2025-08-20T17:57:59 IST" name="testSearchFunctionality" data-provider="searchData" finished-at="2025-08-20T17:58:03 IST" duration-ms="4201" status="PASS">
          <params>
            <param index="0">
              <value>
                <![CDATA[CharAndNumber]]>
              </value>
            </param>
            <param index="1">
              <value>
                <![CDATA[iPhone 15]]>
              </value>
            </param>
            <param index="2">
              <value>
                <![CDATA[]]>
              </value>
            </param>
          </params>
          <reporter-output>
          </reporter-output>
        </test-method> <!-- testSearchFunctionality -->
        <test-method is-config="true" signature="tearDown()[pri:0, instance:tests.AmazonSearchTest@1189dd52]" started-at="2025-08-20T17:58:03 IST" name="tearDown" finished-at="2025-08-20T17:58:04 IST" duration-ms="1012" status="PASS">
          <reporter-output>
          </reporter-output>
        </test-method> <!-- tearDown -->
      </class> <!-- tests.AmazonSearchTest -->
    </test> <!-- AmazonSearchTestChrome -->
    <test started-at="2025-08-20T17:58:04 IST" name="AmazonSearchTestFirefox" finished-at="2025-08-20T17:59:00 IST" duration-ms="56268">
      <class name="tests.AmazonSearchTest">
        <test-method is-config="true" signature="setup(java.lang.String)[pri:0, instance:tests.AmazonSearchTest@4c371370]" started-at="2025-08-20T17:58:04 IST" name="setup" finished-at="2025-08-20T17:58:14 IST" duration-ms="9641" status="PASS">
          <params>
            <param index="0">
              <value>
                <![CDATA[firefox]]>
              </value>
            </param>
          </params>
          <reporter-output>
          </reporter-output>
        </test-method> <!-- setup -->
        <test-method signature="testSearchFunctionality(java.lang.String,java.lang.String,java.lang.String)[pri:0, instance:tests.AmazonSearchTest@4c371370]" started-at="2025-08-20T17:58:14 IST" name="testSearchFunctionality" data-provider="searchData" finished-at="2025-08-20T17:58:21 IST" duration-ms="6537" status="PASS">
          <params>
            <param index="0">
              <value>
                <![CDATA[ValidProductSearch]]>
              </value>
            </param>
            <param index="1">
              <value>
                <![CDATA[MacBook Air]]>
              </value>
            </param>
            <param index="2">
              <value>
                <![CDATA[MacBook Air]]>
              </value>
            </param>
          </params>
          <reporter-output>
          </reporter-output>
        </test-method> <!-- testSearchFunctionality -->
        <test-method signature="testSearchFunctionality(java.lang.String,java.lang.String,java.lang.String)[pri:0, instance:tests.AmazonSearchTest@4c371370]" started-at="2025-08-20T17:58:21 IST" name="testSearchFunctionality" data-provider="searchData" finished-at="2025-08-20T17:58:26 IST" duration-ms="4537" status="PASS">
          <params>
            <param index="0">
              <value>
                <![CDATA[EmptySearch]]>
              </value>
            </param>
            <param index="1">
              <value>
                <![CDATA[]]>
              </value>
            </param>
            <param index="2">
              <value>
                <![CDATA[]]>
              </value>
            </param>
          </params>
          <reporter-output>
          </reporter-output>
        </test-method> <!-- testSearchFunctionality -->
        <test-method signature="testSearchFunctionality(java.lang.String,java.lang.String,java.lang.String)[pri:0, instance:tests.AmazonSearchTest@4c371370]" started-at="2025-08-20T17:58:26 IST" name="testSearchFunctionality" data-provider="searchData" finished-at="2025-08-20T17:58:29 IST" duration-ms="3121" status="PASS">
          <params>
            <param index="0">
              <value>
                <![CDATA[SingleCharSuggestions]]>
              </value>
            </param>
            <param index="1">
              <value>
                <![CDATA[a]]>
              </value>
            </param>
            <param index="2">
              <value>
                <![CDATA[]]>
              </value>
            </param>
          </params>
          <reporter-output>
          </reporter-output>
        </test-method> <!-- testSearchFunctionality -->
        <test-method signature="testSearchFunctionality(java.lang.String,java.lang.String,java.lang.String)[pri:0, instance:tests.AmazonSearchTest@4c371370]" started-at="2025-08-20T17:58:29 IST" name="testSearchFunctionality" data-provider="searchData" finished-at="2025-08-20T17:58:32 IST" duration-ms="3079" status="PASS">
          <params>
            <param index="0">
              <value>
                <![CDATA[SingleCharTenSuggestions]]>
              </value>
            </param>
            <param index="1">
              <value>
                <![CDATA[b]]>
              </value>
            </param>
            <param index="2">
              <value>
                <![CDATA[]]>
              </value>
            </param>
          </params>
          <reporter-output>
          </reporter-output>
        </test-method> <!-- testSearchFunctionality -->
        <test-method signature="testSearchFunctionality(java.lang.String,java.lang.String,java.lang.String)[pri:0, instance:tests.AmazonSearchTest@4c371370]" started-at="2025-08-20T17:58:32 IST" name="testSearchFunctionality" data-provider="searchData" finished-at="2025-08-20T17:58:37 IST" duration-ms="5532" status="PASS">
          <params>
            <param index="0">
              <value>
                <![CDATA[SelectSuggestion]]>
              </value>
            </param>
            <param index="1">
              <value>
                <![CDATA[c]]>
              </value>
            </param>
            <param index="2">
              <value>
                <![CDATA[]]>
              </value>
            </param>
          </params>
          <reporter-output>
          </reporter-output>
        </test-method> <!-- testSearchFunctionality -->
        <test-method signature="testSearchFunctionality(java.lang.String,java.lang.String,java.lang.String)[pri:0, instance:tests.AmazonSearchTest@4c371370]" started-at="2025-08-20T17:58:37 IST" name="testSearchFunctionality" data-provider="searchData" finished-at="2025-08-20T17:58:41 IST" duration-ms="3973" status="PASS">
          <params>
            <param index="0">
              <value>
                <![CDATA[TwoCharSuggestions]]>
              </value>
            </param>
            <param index="1">
              <value>
                <![CDATA[ab]]>
              </value>
            </param>
            <param index="2">
              <value>
                <![CDATA[]]>
              </value>
            </param>
          </params>
          <reporter-output>
          </reporter-output>
        </test-method> <!-- testSearchFunctionality -->
        <test-method signature="testSearchFunctionality(java.lang.String,java.lang.String,java.lang.String)[pri:0, instance:tests.AmazonSearchTest@4c371370]" started-at="2025-08-20T17:58:41 IST" name="testSearchFunctionality" data-provider="searchData" finished-at="2025-08-20T17:58:45 IST" duration-ms="3570" status="PASS">
          <params>
            <param index="0">
              <value>
                <![CDATA[RepeatedWord]]>
              </value>
            </param>
            <param index="1">
              <value>
                <![CDATA[laptop laptop]]>
              </value>
            </param>
            <param index="2">
              <value>
                <![CDATA[]]>
              </value>
            </param>
          </params>
          <reporter-output>
          </reporter-output>
        </test-method> <!-- testSearchFunctionality -->
        <test-method signature="testSearchFunctionality(java.lang.String,java.lang.String,java.lang.String)[pri:0, instance:tests.AmazonSearchTest@4c371370]" started-at="2025-08-20T17:58:45 IST" name="testSearchFunctionality" data-provider="searchData" finished-at="2025-08-20T17:58:48 IST" duration-ms="2724" status="PASS">
          <params>
            <param index="0">
              <value>
                <![CDATA[RandomChar]]>
              </value>
            </param>
            <param index="1">
              <value>
                <![CDATA[@]]>
              </value>
            </param>
            <param index="2">
              <value>
                <![CDATA[]]>
              </value>
            </param>
          </params>
          <reporter-output>
          </reporter-output>
        </test-method> <!-- testSearchFunctionality -->
        <test-method signature="testSearchFunctionality(java.lang.String,java.lang.String,java.lang.String)[pri:0, instance:tests.AmazonSearchTest@4c371370]" started-at="2025-08-20T17:58:48 IST" name="testSearchFunctionality" data-provider="searchData" finished-at="2025-08-20T17:58:54 IST" duration-ms="6821" status="PASS">
          <params>
            <param index="0">
              <value>
                <![CDATA[LongString]]>
              </value>
            </param>
            <param index="1">
              <value>
                <![CDATA[a9fK2LmQ7zXc4vW1pRt8yGh5DnUb3oEj6sMi0TkVqYrNwCl2xPaFz8gHd5jBs9uKe1mOv7tXc4rWyQnZl3pLf6vJd8aGh2kTs5oMb0uVn7yCr1xPw9zXq4eFj6dLt3gSa8mKo2hNb5uVr0yTw7cXq1zPl9oJf3dGn6kHt2mSa8rVb5nUc0yWq7eXp4lFj9tKa3gHs6mDn2oRv8cTb1uZq5xPw0yJf7lNt3gKa9mSh2dGb6oVr4uXp1qWc8zLj5tFn0yHa7kMs3dRn9oVb2uTc6xPw4qZj1fLt8gNa5mSh0dKr7oVn3cUb9yTw2xPq6zLj4fFn1gHs8mDa5kNr0oVb7uXc3yWq9tPj2lFh6dGn4sMa1kSv8oRb5uNc0yTw7qXj3pLf9dKt2gHn6mSa4oVr1uXb8cYq5wPz0jFt7lN]]>
              </value>
            </param>
            <param index="2">
              <value>
                <![CDATA[]]>
              </value>
            </param>
          </params>
          <reporter-output>
          </reporter-output>
        </test-method> <!-- testSearchFunctionality -->
        <test-method signature="testSearchFunctionality(java.lang.String,java.lang.String,java.lang.String)[pri:0, instance:tests.AmazonSearchTest@4c371370]" started-at="2025-08-20T17:58:54 IST" name="testSearchFunctionality" data-provider="searchData" finished-at="2025-08-20T17:58:58 IST" duration-ms="3793" status="PASS">
          <params>
            <param index="0">
              <value>
                <![CDATA[CharAndNumber]]>
              </value>
            </param>
            <param index="1">
              <value>
                <![CDATA[iPhone 15]]>
              </value>
            </param>
            <param index="2">
              <value>
                <![CDATA[]]>
              </value>
            </param>
          </params>
          <reporter-output>
          </reporter-output>
        </test-method> <!-- testSearchFunctionality -->
        <test-method is-config="true" signature="tearDown()[pri:0, instance:tests.AmazonSearchTest@4c371370]" started-at="2025-08-20T17:58:58 IST" name="tearDown" finished-at="2025-08-20T17:59:00 IST" duration-ms="2131" status="PASS">
          <reporter-output>
          </reporter-output>
        </test-method> <!-- tearDown -->
      </class> <!-- tests.AmazonSearchTest -->
    </test> <!-- AmazonSearchTestFirefox -->
  </suite> <!-- AmazonTestSuite -->
</testng-results>
