<?xml version="1.0" encoding="UTF-8"?>
<!-- Generated by org.testng.reporters.JUnitXMLReporter -->
<testsuite ignored="0" hostname="LAPTOP-UG2288AI" failures="0" tests="10" name="AmazonSearchTestChrome" time="58.608" errors="0" timestamp="2025-08-20T18:05:06 IST">
  <testcase classname="tests.AmazonSearchTest" name="testSearchFunctionality" time="6.413"/>
  <testcase classname="tests.AmazonSearchTest" name="testSearchFunctionality" time="4.789"/>
  <testcase classname="tests.AmazonSearchTest" name="testSearchFunctionality" time="3.113"/>
  <testcase classname="tests.AmazonSearchTest" name="testSearchFunctionality" time="3.336"/>
  <testcase classname="tests.AmazonSearchTest" name="testSearchFunctionality" time="5.951"/>
  <testcase classname="tests.AmazonSearchTest" name="testSearchFunctionality" time="3.682"/>
  <testcase classname="tests.AmazonSearchTest" name="testSearchFunctionality" time="4.519"/>
  <testcase classname="tests.AmazonSearchTest" name="testSearchFunctionality" time="5.039"/>
  <testcase classname="tests.AmazonSearchTest" name="testSearchFunctionality" time="8.337"/>
  <testcase classname="tests.AmazonSearchTest" name="testSearchFunctionality" time="4.334"/>
</testsuite> <!-- AmazonSearchTestChrome -->
