<?xml version="1.0" encoding="UTF-8"?>
<!-- Generated by org.testng.reporters.JUnitXMLReporter -->
<testsuite ignored="0" hostname="LAPTOP-UG2288AI" failures="0" tests="10" name="AmazonSearchTestFirefox" time="56.956" errors="0" timestamp="2025-08-20T18:06:03 IST">
  <testcase classname="tests.AmazonSearchTest" name="testSearchFunctionality" time="7.006"/>
  <testcase classname="tests.AmazonSearchTest" name="testSearchFunctionality" time="4.741"/>
  <testcase classname="tests.AmazonSearchTest" name="testSearchFunctionality" time="2.785"/>
  <testcase classname="tests.AmazonSearchTest" name="testSearchFunctionality" time="2.745"/>
  <testcase classname="tests.AmazonSearchTest" name="testSearchFunctionality" time="5.892"/>
  <testcase classname="tests.AmazonSearchTest" name="testSearchFunctionality" time="3.615"/>
  <testcase classname="tests.AmazonSearchTest" name="testSearchFunctionality" time="3.709"/>
  <testcase classname="tests.AmazonSearchTest" name="testSearchFunctionality" time="2.642"/>
  <testcase classname="tests.AmazonSearchTest" name="testSearchFunctionality" time="6.899"/>
  <testcase classname="tests.AmazonSearchTest" name="testSearchFunctionality" time="4.038"/>
</testsuite> <!-- AmazonSearchTestFirefox -->
