<?xml version="1.0" encoding="UTF-8"?>
<!-- Generated by org.testng.reporters.JUnitXMLReporter -->
<testsuite ignored="0" hostname="LAPTOP-UG2288AI" failures="0" tests="10" name="AmazonSearchTestFirefox" time="56.268" errors="0" timestamp="2025-08-20T17:59:00 IST">
  <testcase classname="tests.AmazonSearchTest" name="testSearchFunctionality" time="6.537"/>
  <testcase classname="tests.AmazonSearchTest" name="testSearchFunctionality" time="4.537"/>
  <testcase classname="tests.AmazonSearchTest" name="testSearchFunctionality" time="3.121"/>
  <testcase classname="tests.AmazonSearchTest" name="testSearchFunctionality" time="3.079"/>
  <testcase classname="tests.AmazonSearchTest" name="testSearchFunctionality" time="5.532"/>
  <testcase classname="tests.AmazonSearchTest" name="testSearchFunctionality" time="3.973"/>
  <testcase classname="tests.AmazonSearchTest" name="testSearchFunctionality" time="3.57"/>
  <testcase classname="tests.AmazonSearchTest" name="testSearchFunctionality" time="2.724"/>
  <testcase classname="tests.AmazonSearchTest" name="testSearchFunctionality" time="6.821"/>
  <testcase classname="tests.AmazonSearchTest" name="testSearchFunctionality" time="3.793"/>
</testsuite> <!-- AmazonSearchTestFirefox -->
