<?xml version="1.0" encoding="UTF-8"?>
<!-- Generated by org.testng.reporters.JUnitXMLReporter -->
<testsuite ignored="0" hostname="LAPTOP-UG2288AI" failures="0" tests="10" name="AmazonSearchTestChrome" time="79.677" errors="0" timestamp="2025-08-20T17:58:04 IST">
  <testcase classname="tests.AmazonSearchTest" name="testSearchFunctionality" time="6.724"/>
  <testcase classname="tests.AmazonSearchTest" name="testSearchFunctionality" time="4.518"/>
  <testcase classname="tests.AmazonSearchTest" name="testSearchFunctionality" time="3.093"/>
  <testcase classname="tests.AmazonSearchTest" name="testSearchFunctionality" time="2.925"/>
  <testcase classname="tests.AmazonSearchTest" name="testSearchFunctionality" time="5.787"/>
  <testcase classname="tests.AmazonSearchTest" name="testSearchFunctionality" time="3.418"/>
  <testcase classname="tests.AmazonSearchTest" name="testSearchFunctionality" time="4.616"/>
  <testcase classname="tests.AmazonSearchTest" name="testSearchFunctionality" time="5.475"/>
  <testcase classname="tests.AmazonSearchTest" name="testSearchFunctionality" time="9.27"/>
  <testcase classname="tests.AmazonSearchTest" name="testSearchFunctionality" time="4.201"/>
</testsuite> <!-- AmazonSearchTestChrome -->
